#
# There is insufficient memory for the Java Runtime Environment to continue.
# Native memory allocation (malloc) failed to allocate 942736 bytes for Chunk::new
# Possible reasons:
#   The system is out of physical RAM or swap space
#   In 32 bit mode, the process size limit was hit
# Possible solutions:
#   Reduce memory load on the system
#   Increase physical memory or swap space
#   Check if swap backing store is full
#   Use 64 bit Java on a 64 bit OS
#   Decrease Java heap size (-Xmx/-Xms)
#   Decrease number of Java threads
#   Decrease Java thread stack sizes (-Xss)
#   Set larger code cache with -XX:ReservedCodeCacheSize=
# This output file may be truncated or incomplete.
#
#  Out of Memory Error (allocation.cpp:388), pid=13456, tid=14444
#
# JRE version: Java(TM) SE Runtime Environment (8.0-b132) (build 1.8.0-b132)
# Java VM: Java HotSpot(TM) 64-Bit Server VM (25.0-b70 mixed mode windows-amd64 compressed oops)
# Failed to write core dump. Minidumps are not enabled by default on client versions of Windows
#

---------------  T H R E A D  ---------------

Current thread (0x0000000014e30800):  JavaThread "C2 CompilerThread1" daemon [_thread_in_native, id=14444, stack(0x0000000016490000,0x0000000016590000)]

Stack: [0x0000000016490000,0x0000000016590000]
Native frames: (J=compiled Java code, j=interpreted, Vv=VM code, C=native code)
V  [jvm.dll+0x308e0a]


Current CompileTask:
C2:  55342 3111       4       com.android.dx.dex.code.LocalList::make (102 bytes)


---------------  P R O C E S S  ---------------

Java Threads: ( => current thread )
  0x0000000017535000 JavaThread "pool-1-thread-1" [_thread_in_Java, id=3264, stack(0x0000000018460000,0x0000000018560000)]
  0x00000000166a3800 JavaThread "Service Thread" daemon [_thread_blocked, id=11836, stack(0x0000000016a90000,0x0000000016b90000)]
  0x0000000014e50800 JavaThread "C1 CompilerThread2" daemon [_thread_blocked, id=18324, stack(0x0000000016590000,0x0000000016690000)]
=>0x0000000014e30800 JavaThread "C2 CompilerThread1" daemon [_thread_in_native, id=14444, stack(0x0000000016490000,0x0000000016590000)]
  0x0000000014e2d000 JavaThread "C2 CompilerThread0" daemon [_thread_in_native, id=18676, stack(0x0000000016390000,0x0000000016490000)]
  0x0000000014e2a000 JavaThread "Attach Listener" daemon [_thread_blocked, id=7016, stack(0x0000000016290000,0x0000000016390000)]
  0x0000000014e28800 JavaThread "Signal Dispatcher" daemon [_thread_blocked, id=7744, stack(0x0000000016190000,0x0000000016290000)]
  0x0000000002685000 JavaThread "Finalizer" daemon [_thread_blocked, id=18288, stack(0x0000000016090000,0x0000000016190000)]
  0x000000000267c800 JavaThread "Reference Handler" daemon [_thread_blocked, id=20292, stack(0x0000000015f90000,0x0000000016090000)]
  0x0000000002590800 JavaThread "main" [_thread_blocked, id=9076, stack(0x0000000000ce0000,0x0000000000de0000)]

Other Threads:
  0x0000000014df6000 VMThread [stack: 0x0000000015e90000,0x0000000015f90000] [id=6748]
  0x00000000166a6000 WatcherThread [stack: 0x0000000016b90000,0x0000000016c90000] [id=19348]

VM state:not at safepoint (normal execution)

VM Mutex/Monitor currently owned by a thread: None

Heap:
 PSYoungGen      total 238592K, used 144003K [0x00000000eab00000, 0x00000000fd180000, 0x0000000100000000)
  eden space 201728K, 71% used [0x00000000eab00000,0x00000000f37a0dd8,0x00000000f7000000)
  from space 36864K, 0% used [0x00000000f7000000,0x00000000f7000000,0x00000000f9400000)
  to   space 45056K, 0% used [0x00000000fa580000,0x00000000fa580000,0x00000000fd180000)
 ParOldGen       total 247296K, used 220159K [0x00000000c0000000, 0x00000000cf180000, 0x00000000eab00000)
  object space 247296K, 89% used [0x00000000c0000000,0x00000000cd6ffc70,0x00000000cf180000)
 Metaspace       used 6576K, capacity 7416K, committed 7680K, reserved 1056768K
  class space    used 634K, capacity 688K, committed 768K, reserved 1048576K

Card table byte_map: [0x0000000011b20000,0x0000000011d30000] byte_map_base: 0x0000000011520000

Marking Bits: (ParMarkBitMap*) 0x0000000052bd13b0
 Begin Bits: [0x0000000012290000, 0x0000000013290000)
 End Bits:   [0x0000000013290000, 0x0000000014290000)

Polling page: 0x0000000000df0000

CodeCache: size=245760Kb used=11681Kb max_used=11681Kb free=234078Kb
 bounds [0x0000000002760000, 0x00000000032e0000, 0x0000000011760000]
 total_blobs=3000 nmethods=2737 adapters=177
 compilation: enabled

Compilation events (10 events):
Event: 55.114 Thread 0x0000000014e50800 3267 %     3       com.android.dx.dex.file.DebugInfoEncoder::emitLocalsAtAddress @ 8 (150 bytes)
Event: 55.117 Thread 0x0000000014e50800 nmethod 3267% 0x00000000032c9c10 code [0x00000000032c9ea0, 0x00000000032cb248]
Event: 55.117 Thread 0x0000000014e50800 3268       3       com.android.dx.dex.file.DebugInfoEncoder::emitLocalsAtAddress (150 bytes)
Event: 55.119 Thread 0x0000000014e50800 nmethod 3268 0x00000000032cba90 code [0x00000000032cbd20, 0x00000000032cd048]
Event: 55.128 Thread 0x0000000014e50800 3269 %     3       com.android.dx.dex.file.DebugInfoEncoder::extractMethodArguments @ 49 (132 bytes)
Event: 55.131 Thread 0x0000000014e50800 nmethod 3269% 0x00000000032cd850 code [0x00000000032cdae0, 0x00000000032cee38]
Event: 55.133 Thread 0x0000000014e50800 3270       3       com.android.dx.dex.file.DebugInfoEncoder::convert0 (246 bytes)
Event: 55.138 Thread 0x0000000014e50800 nmethod 3270 0x00000000032cf950 code [0x00000000032cfd00, 0x00000000032d1a38]
Event: 55.153 Thread 0x0000000014e50800 3271       3       com.android.dx.dex.file.DebugInfoEncoder::extractMethodArguments (132 bytes)
Event: 55.156 Thread 0x0000000014e50800 nmethod 3271 0x00000000032d2d50 code [0x00000000032d2fe0, 0x00000000032d4218]

GC Heap History (10 events):
Event: 24.127 GC heap before
{Heap before GC invocations=29 (full 3):
 PSYoungGen      total 233472K, used 31089K [0x00000000eab00000, 0x00000000fb800000, 0x0000000100000000)
  eden space 201728K, 0% used [0x00000000eab00000,0x00000000eab00000,0x00000000f7000000)
  from space 31744K, 97% used [0x00000000f9800000,0x00000000fb65c7b0,0x00000000fb700000)
  to   space 36864K, 0% used [0x00000000f7000000,0x00000000f7000000,0x00000000f9400000)
 ParOldGen       total 156672K, used 139648K [0x00000000c0000000, 0x00000000c9900000, 0x00000000eab00000)
  object space 156672K, 89% used [0x00000000c0000000,0x00000000c8860060,0x00000000c9900000)
 Metaspace       used 6183K, capacity 7096K, committed 7296K, reserved 1056768K
  class space    used 612K, capacity 624K, committed 640K, reserved 1048576K
Event: 26.470 GC heap after
Heap after GC invocations=29 (full 3):
 PSYoungGen      total 233472K, used 11951K [0x00000000eab00000, 0x00000000fb800000, 0x0000000100000000)
  eden space 201728K, 0% used [0x00000000eab00000,0x00000000eab00000,0x00000000f7000000)
  from space 31744K, 37% used [0x00000000f9800000,0x00000000fa3abf48,0x00000000fb700000)
  to   space 36864K, 0% used [0x00000000f7000000,0x00000000f7000000,0x00000000f9400000)
 ParOldGen       total 179200K, used 156512K [0x00000000c0000000, 0x00000000caf00000, 0x00000000eab00000)
  object space 179200K, 87% used [0x00000000c0000000,0x00000000c98d83e8,0x00000000caf00000)
 Metaspace       used 6183K, capacity 7096K, committed 7296K, reserved 1056768K
  class space    used 612K, capacity 624K, committed 640K, reserved 1048576K
}
Event: 28.470 GC heap before
{Heap before GC invocations=30 (full 3):
 PSYoungGen      total 233472K, used 213679K [0x00000000eab00000, 0x00000000fb800000, 0x0000000100000000)
  eden space 201728K, 100% used [0x00000000eab00000,0x00000000f7000000,0x00000000f7000000)
  from space 31744K, 37% used [0x00000000f9800000,0x00000000fa3abf48,0x00000000fb700000)
  to   space 36864K, 0% used [0x00000000f7000000,0x00000000f7000000,0x00000000f9400000)
 ParOldGen       total 179200K, used 156512K [0x00000000c0000000, 0x00000000caf00000, 0x00000000eab00000)
  object space 179200K, 87% used [0x00000000c0000000,0x00000000c98d83e8,0x00000000caf00000)
 Metaspace       used 6185K, capacity 7096K, committed 7296K, reserved 1056768K
  class space    used 612K, capacity 624K, committed 640K, reserved 1048576K
Event: 28.694 GC heap after
Heap after GC invocations=30 (full 3):
 PSYoungGen      total 238592K, used 36836K [0x00000000eab00000, 0x00000000fd180000, 0x0000000100000000)
  eden space 201728K, 0% used [0x00000000eab00000,0x00000000eab00000,0x00000000f7000000)
  from space 36864K, 99% used [0x00000000f7000000,0x00000000f93f92b8,0x00000000f9400000)
  to   space 45056K, 0% used [0x00000000fa580000,0x00000000fa580000,0x00000000fd180000)
 ParOldGen       total 179200K, used 160527K [0x00000000c0000000, 0x00000000caf00000, 0x00000000eab00000)
  object space 179200K, 89% used [0x00000000c0000000,0x00000000c9cc3cc8,0x00000000caf00000)
 Metaspace       used 6185K, capacity 7096K, committed 7296K, reserved 1056768K
  class space    used 612K, capacity 624K, committed 640K, reserved 1048576K
}
Event: 35.272 GC heap before
{Heap before GC invocations=31 (full 3):
 PSYoungGen      total 238592K, used 238564K [0x00000000eab00000, 0x00000000fd180000, 0x0000000100000000)
  eden space 201728K, 100% used [0x00000000eab00000,0x00000000f7000000,0x00000000f7000000)
  from space 36864K, 99% used [0x00000000f7000000,0x00000000f93f92b8,0x00000000f9400000)
  to   space 45056K, 0% used [0x00000000fa580000,0x00000000fa580000,0x00000000fd180000)
 ParOldGen       total 179200K, used 160527K [0x00000000c0000000, 0x00000000caf00000, 0x00000000eab00000)
  object space 179200K, 89% used [0x00000000c0000000,0x00000000c9cc3cc8,0x00000000caf00000)
 Metaspace       used 6190K, capacity 7096K, committed 7296K, reserved 1056768K
  class space    used 612K, capacity 624K, committed 640K, reserved 1048576K
Event: 35.628 GC heap after
Heap after GC invocations=31 (full 3):
 PSYoungGen      total 238592K, used 238564K [0x00000000eab00000, 0x00000000fd180000, 0x0000000100000000)
  eden space 201728K, 100% used [0x00000000eab00000,0x00000000f7000000,0x00000000f7000000)
  from space 36864K, 99% used [0x00000000f7000000,0x00000000f93f92b8,0x00000000f9400000)
  to   space 45056K, 71% used [0x00000000fa580000,0x00000000fc521ae0,0x00000000fd180000)
 ParOldGen       total 195584K, used 195249K [0x00000000c0000000, 0x00000000cbf00000, 0x00000000eab00000)
  object space 195584K, 99% used [0x00000000c0000000,0x00000000cbeac608,0x00000000cbf00000)
 Metaspace       used 6190K, capacity 7096K, committed 7296K, reserved 1056768K
  class space    used 612K, capacity 624K, committed 640K, reserved 1048576K
}
Event: 35.628 GC heap before
{Heap before GC invocations=32 (full 4):
 PSYoungGen      total 238592K, used 238564K [0x00000000eab00000, 0x00000000fd180000, 0x0000000100000000)
  eden space 201728K, 100% used [0x00000000eab00000,0x00000000f7000000,0x00000000f7000000)
  from space 36864K, 99% used [0x00000000f7000000,0x00000000f93f92b8,0x00000000f9400000)
  to   space 45056K, 71% used [0x00000000fa580000,0x00000000fc521ae0,0x00000000fd180000)
 ParOldGen       total 195584K, used 195249K [0x00000000c0000000, 0x00000000cbf00000, 0x00000000eab00000)
  object space 195584K, 99% used [0x00000000c0000000,0x00000000cbeac608,0x00000000cbf00000)
 Metaspace       used 6190K, capacity 7096K, committed 7296K, reserved 1056768K
  class space    used 612K, capacity 624K, committed 640K, reserved 1048576K
Event: 38.384 GC heap after
Heap after GC invocations=32 (full 4):
 PSYoungGen      total 238592K, used 0K [0x00000000eab00000, 0x00000000fd180000, 0x0000000100000000)
  eden space 201728K, 0% used [0x00000000eab00000,0x00000000eab00000,0x00000000f7000000)
  from space 36864K, 0% used [0x00000000f7000000,0x00000000f7000000,0x00000000f9400000)
  to   space 45056K, 71% used [0x00000000fa580000,0x00000000fc4ef2b0,0x00000000fd180000)
 ParOldGen       total 220160K, used 195581K [0x00000000c0000000, 0x00000000cd700000, 0x00000000eab00000)
  object space 220160K, 88% used [0x00000000c0000000,0x00000000cbeff570,0x00000000cd700000)
 Metaspace       used 6190K, capacity 7096K, committed 7296K, reserved 1056768K
  class space    used 612K, capacity 624K, committed 640K, reserved 1048576K
}
Event: 47.185 GC heap before
{Heap before GC invocations=33 (full 5):
 PSYoungGen      total 238592K, used 201728K [0x00000000eab00000, 0x00000000fd180000, 0x0000000100000000)
  eden space 201728K, 100% used [0x00000000eab00000,0x00000000f7000000,0x00000000f7000000)
  from space 36864K, 0% used [0x00000000f7000000,0x00000000f7000000,0x00000000f9400000)
  to   space 45056K, 71% used [0x00000000fa580000,0x00000000fc4ef2b0,0x00000000fd180000)
 ParOldGen       total 220160K, used 195581K [0x00000000c0000000, 0x00000000cd700000, 0x00000000eab00000)
  object space 220160K, 88% used [0x00000000c0000000,0x00000000cbeff570,0x00000000cd700000)
 Metaspace       used 6206K, capacity 7096K, committed 7296K, reserved 1056768K
  class space    used 613K, capacity 624K, committed 640K, reserved 1048576K
Event: 50.010 GC heap after
Heap after GC invocations=33 (full 5):
 PSYoungGen      total 238592K, used 37982K [0x00000000eab00000, 0x00000000fd180000, 0x0000000100000000)
  eden space 201728K, 18% used [0x00000000eab00000,0x00000000ed017ad8,0x00000000f7000000)
  from space 36864K, 0% used [0x00000000f7000000,0x00000000f7000000,0x00000000f9400000)
  to   space 45056K, 0% used [0x00000000fa580000,0x00000000fa580000,0x00000000fd180000)
 ParOldGen       total 247296K, used 220159K [0x00000000c0000000, 0x00000000cf180000, 0x00000000eab00000)
  object space 247296K, 89% used [0x00000000c0000000,0x00000000cd6ffc70,0x00000000cf180000)
 Metaspace       used 6206K, capacity 7096K, committed 7296K, reserved 1056768K
  class space    used 613K, capacity 624K, committed 640K, reserved 1048576K
}

Deoptimization events (10 events):
Event: 52.116 Thread 0x0000000017535000 Uncommon trap: reason=bimorphic action=maybe_recompile pc=0x0000000002fd7e44 method=com.android.dx.dex.file.MixedItemSection$1.compare(Lcom/android/dx/dex/file/OffsettedItem;Lcom/android/dx/dex/file/OffsettedItem;)I @ 1
Event: 52.116 Thread 0x0000000017535000 Uncommon trap: reason=bimorphic action=maybe_recompile pc=0x0000000002fd7e44 method=com.android.dx.dex.file.MixedItemSection$1.compare(Lcom/android/dx/dex/file/OffsettedItem;Lcom/android/dx/dex/file/OffsettedItem;)I @ 1
Event: 52.116 Thread 0x0000000017535000 Uncommon trap: reason=bimorphic action=maybe_recompile pc=0x0000000002fd7e44 method=com.android.dx.dex.file.MixedItemSection$1.compare(Lcom/android/dx/dex/file/OffsettedItem;Lcom/android/dx/dex/file/OffsettedItem;)I @ 1
Event: 52.555 Thread 0x0000000017535000 Uncommon trap: reason=predicate action=maybe_recompile pc=0x00000000030b9030 method=java.util.ComparableTimSort.binarySort([Ljava/lang/Object;III)V @ 37
Event: 53.089 Thread 0x0000000017535000 Uncommon trap: reason=array_check action=maybe_recompile pc=0x00000000032595e4 method=java.util.ComparableTimSort.binarySort([Ljava/lang/Object;III)V @ 193
Event: 53.095 Thread 0x0000000017535000 Uncommon trap: reason=unreached action=reinterpret pc=0x0000000003188abc method=com.android.dx.dex.code.LocalList$MakeState.filterSpec(Lcom/android/dx/rop/code/RegisterSpec;)Lcom/android/dx/rop/code/RegisterSpec; @ 11
Event: 53.329 Thread 0x0000000017535000 Uncommon trap: reason=array_check action=maybe_recompile pc=0x000000000325951c method=java.util.ComparableTimSort.binarySort([Ljava/lang/Object;III)V @ 215
Event: 53.346 Thread 0x0000000017535000 Uncommon trap: reason=array_check action=maybe_recompile pc=0x00000000032595e4 method=java.util.ComparableTimSort.binarySort([Ljava/lang/Object;III)V @ 193
Event: 53.435 Thread 0x0000000017535000 Uncommon trap: reason=array_check action=maybe_recompile pc=0x00000000032596ac method=java.util.ComparableTimSort.binarySort([Ljava/lang/Object;III)V @ 183
Event: 53.458 Thread 0x0000000017535000 Uncommon trap: reason=array_check action=maybe_recompile pc=0x00000000032595e4 method=java.util.ComparableTimSort.binarySort([Ljava/lang/Object;III)V @ 193

Internal exceptions (10 events):
Event: 52.145 Thread 0x0000000017535000 Exception <a 'java/security/PrivilegedActionException'> (0x00000000ef637148) thrown at [D:\re\workspace\8-2-build-windows-amd64-cygwin\jdk8\2238\hotspot\src\share\vm\prims\jvm.cpp, line 1248]
Event: 52.146 Thread 0x0000000017535000 Exception <a 'java/security/PrivilegedActionException'> (0x00000000ef63c040) thrown at [D:\re\workspace\8-2-build-windows-amd64-cygwin\jdk8\2238\hotspot\src\share\vm\prims\jvm.cpp, line 1248]
Event: 52.147 Thread 0x0000000017535000 Exception <a 'java/security/PrivilegedActionException'> (0x00000000ef6407c8) thrown at [D:\re\workspace\8-2-build-windows-amd64-cygwin\jdk8\2238\hotspot\src\share\vm\prims\jvm.cpp, line 1248]
Event: 52.176 Thread 0x0000000017535000 Exception <a 'java/security/PrivilegedActionException'> (0x00000000ef65cc30) thrown at [D:\re\workspace\8-2-build-windows-amd64-cygwin\jdk8\2238\hotspot\src\share\vm\prims\jvm.cpp, line 1248]
Event: 52.437 Thread 0x0000000017535000 Exception <a 'java/security/PrivilegedActionException'> (0x00000000ef80b620) thrown at [D:\re\workspace\8-2-build-windows-amd64-cygwin\jdk8\2238\hotspot\src\share\vm\prims\jvm.cpp, line 1248]
Event: 52.438 Thread 0x0000000017535000 Exception <a 'java/security/PrivilegedActionException'> (0x00000000ef80eeb8) thrown at [D:\re\workspace\8-2-build-windows-amd64-cygwin\jdk8\2238\hotspot\src\share\vm\prims\jvm.cpp, line 1248]
Event: 52.440 Thread 0x0000000017535000 Exception <a 'java/security/PrivilegedActionException'> (0x00000000ef8143d0) thrown at [D:\re\workspace\8-2-build-windows-amd64-cygwin\jdk8\2238\hotspot\src\share\vm\prims\jvm.cpp, line 1248]
Event: 54.872 Thread 0x0000000017535000 Exception <a 'java/security/PrivilegedActionException'> (0x00000000f28c6c88) thrown at [D:\re\workspace\8-2-build-windows-amd64-cygwin\jdk8\2238\hotspot\src\share\vm\prims\jvm.cpp, line 1248]
Event: 54.879 Thread 0x0000000017535000 Exception <a 'java/security/PrivilegedActionException'> (0x00000000f28d2ba8) thrown at [D:\re\workspace\8-2-build-windows-amd64-cygwin\jdk8\2238\hotspot\src\share\vm\prims\jvm.cpp, line 1248]
Event: 54.885 Thread 0x0000000017535000 Exception <a 'java/security/PrivilegedActionException'> (0x00000000f28d58f8) thrown at [D:\re\workspace\8-2-build-windows-amd64-cygwin\jdk8\2238\hotspot\src\share\vm\prims\jvm.cpp, line 1248]

Events (10 events):
Event: 54.834 Thread 0x0000000017535000 DEOPT PACKING pc=0x0000000003184fa1 sp=0x000000001855ef50
Event: 54.834 Thread 0x0000000017535000 DEOPT UNPACKING pc=0x00000000027a7204 sp=0x000000001855eca0 mode 0
Event: 54.871 loading class com/android/dx/dex/file/DebugInfoEncoder
Event: 54.871 loading class com/android/dx/dex/file/DebugInfoEncoder done
Event: 54.878 loading class com/android/dx/dex/file/DebugInfoEncoder$1
Event: 54.878 loading class com/android/dx/dex/file/DebugInfoEncoder$1 done
Event: 54.884 loading class com/android/dx/dex/file/DebugInfoEncoder$2
Event: 54.884 loading class com/android/dx/dex/file/DebugInfoEncoder$2 done
Event: 55.120 Thread 0x0000000017535000 DEOPT PACKING pc=0x00000000032985aa sp=0x000000001855ed10
Event: 55.120 Thread 0x0000000017535000 DEOPT UNPACKING pc=0x00000000027a7204 sp=0x000000001855ea90 mode 0


Dynamic libraries:
0x00007ff6b7f10000 - 0x00007ff6b7f44000 	C:\Program Files\Java\jdk1.8.0\bin\java.exe
0x00007ffcb17e0000 - 0x00007ffcb198d000 	C:\Windows\SYSTEM32\ntdll.dll
0x00007ffcb00e0000 - 0x00007ffcb021e000 	C:\Windows\system32\KERNEL32.DLL
0x00007ffcaecf0000 - 0x00007ffcaee05000 	C:\Windows\system32\KERNELBASE.dll
0x00007ffcad4d0000 - 0x00007ffcad55e000 	C:\Windows\system32\apphelp.dll
0x00007ffc93730000 - 0x00007ffc93783000 	C:\Windows\AppPatch\AppPatch64\AcGenral.DLL
0x00007ffcafac0000 - 0x00007ffcafb6a000 	C:\Windows\system32\msvcrt.dll
0x00007ffcaecc0000 - 0x00007ffcaecee000 	C:\Windows\system32\SspiCli.dll
0x00007ffcaf190000 - 0x00007ffcaf1e4000 	C:\Windows\system32\SHLWAPI.dll
0x00007ffcafc40000 - 0x00007ffcafdb7000 	C:\Windows\system32\USER32.dll
0x00007ffcaf360000 - 0x00007ffcaf4f4000 	C:\Windows\system32\ole32.dll
0x00007ffcb0220000 - 0x00007ffcb1748000 	C:\Windows\system32\SHELL32.dll
0x00007ffcaded0000 - 0x00007ffcadef1000 	C:\Windows\SYSTEM32\USERENV.dll
0x00007ffcaf020000 - 0x00007ffcaf0ca000 	C:\Windows\system32\ADVAPI32.dll
0x00007ffca0870000 - 0x00007ffca088e000 	C:\Windows\SYSTEM32\MPR.dll
0x00007ffcaffa0000 - 0x00007ffcb00e0000 	C:\Windows\system32\RPCRT4.dll
0x00007ffcb1750000 - 0x00007ffcb17a9000 	C:\Windows\SYSTEM32\sechost.dll
0x00007ffcaf8a0000 - 0x00007ffcafab1000 	C:\Windows\SYSTEM32\combase.dll
0x00007ffcaeed0000 - 0x00007ffcaf01f000 	C:\Windows\system32\GDI32.dll
0x00007ffcae900000 - 0x00007ffcae915000 	C:\Windows\SYSTEM32\profapi.dll
0x00007ffcacc80000 - 0x00007ffcacd32000 	C:\Windows\SYSTEM32\SHCORE.dll
0x00007ffcaf860000 - 0x00007ffcaf896000 	C:\Windows\system32\IMM32.DLL
0x00007ffcaf200000 - 0x00007ffcaf352000 	C:\Windows\system32\MSCTF.dll
0x00007ffcac1c0000 - 0x00007ffcac43b000 	C:\Windows\WinSxS\amd64_microsoft.windows.common-controls_6595b64144ccf1df_6.0.9600.18006_none_623f33d3ecbe86e8\COMCTL32.dll
0x00000000538a0000 - 0x0000000053972000 	C:\Program Files\Java\jdk1.8.0\jre\bin\msvcr100.dll
0x0000000052420000 - 0x0000000052c4a000 	C:\Program Files\Java\jdk1.8.0\jre\bin\server\jvm.dll
0x00007ffcabbe0000 - 0x00007ffcabbe9000 	C:\Windows\SYSTEM32\WSOCK32.dll
0x00007ffcac440000 - 0x00007ffcac462000 	C:\Windows\SYSTEM32\WINMM.dll
0x00007ffcaf510000 - 0x00007ffcaf517000 	C:\Windows\system32\PSAPI.DLL
0x00007ffcaf7a0000 - 0x00007ffcaf7fa000 	C:\Windows\system32\WS2_32.dll
0x00007ffcac000000 - 0x00007ffcac02a000 	C:\Windows\SYSTEM32\WINMMBASE.dll
0x00007ffcb17d0000 - 0x00007ffcb17d9000 	C:\Windows\system32\NSI.dll
0x00007ffcaee10000 - 0x00007ffcaee5f000 	C:\Windows\SYSTEM32\cfgmgr32.dll
0x00007ffcad720000 - 0x00007ffcad748000 	C:\Windows\SYSTEM32\DEVOBJ.dll
0x0000000054a60000 - 0x0000000054a6f000 	C:\Program Files\Java\jdk1.8.0\jre\bin\verify.dll
0x0000000054a30000 - 0x0000000054a58000 	C:\Program Files\Java\jdk1.8.0\jre\bin\java.dll
0x0000000054a10000 - 0x0000000054a26000 	C:\Program Files\Java\jdk1.8.0\jre\bin\zip.dll
0x00007ffca5e00000 - 0x00007ffca5f89000 	C:\Windows\SYSTEM32\dbghelp.dll

VM Arguments:
jvm_args: -Djava.awt.headless=true -Xmx1024M -Dfile.encoding=windows-1252 -Duser.country=US -Duser.language=en -Duser.variant 
java_command: com.android.dx.command.Main --dex --num-threads=4 --multi-dex --main-dex-list C:\Users\nitesh\AndroidStudioProjects\News\app\build\intermediates\multi-dex\debug\maindexlist.txt --output C:\Users\nitesh\AndroidStudioProjects\News\app\build\intermediates\transforms\dex\debug\folders\1000\1f\main C:\Users\nitesh\AndroidStudioProjects\News\app\build\intermediates\transforms\jarMerging\debug\jars\1\1f\combined.jar
java_class_path (initial): C:\Users\nitesh\AppData\Local\Android\sdk\build-tools\24.0.2\lib\dx.jar
Launcher Type: SUN_STANDARD

Environment Variables:
JAVA_HOME=C:\Program Files\Java\jdk1.8.0
PATH=C:\ProgramData\Oracle\Java\javapath;C:\Windows\system32;C:\Windows;C:\Windows\System32\Wbem;C:\Windows\System32\WindowsPowerShell\v1.0\;C:\Program Files\Hewlett-Packard\SimplePass\;C:\Program Files (x86)\Windows Live\Shared;C:\Program Files (x86)\ATI Technologies\ATI.ACE\Core-Static;C:\Users\nitesh\AppData\Local\Smartbar\Application\;JAVA_HOME\bin;C:\Program Files\Microsoft SQL Server\110\Tools\Binn\;C:\Program Files\Microsoft SQL Server\120\Tools\Binn\;C:\Program Files (x86)\apache-maven-3.3.3\bin;C:\Program Files\TortoiseSVN\bin;C:\Program Files (x86)\AMD\ATI.ACE\Core-Static;C:\Program Files (x86)\Skype\Phone\;C:\Users\nitesh\AppData\Local\Android\android-sdk\platform-tools;C:\Users\nitesh\AppData\Local\Programs\Python\Launcher\;C:\Program Files\Java\jdk1.8.0\bin;
USERNAME=nitesh
OS=Windows_NT
PROCESSOR_IDENTIFIER=AMD64 Family 22 Model 0 Stepping 1, AuthenticAMD



---------------  S Y S T E M  ---------------

OS: Windows 8.1 , 64 bit Build 9600 

CPU:total 4 (4 cores per cpu, 1 threads per core) family 22 model 0 stepping 1, cmov, cx8, fxsr, mmx, sse, sse2, sse3, ssse3, sse4.1, sse4.2, popcnt, avx, aes, clmul, mmxext, 3dnowpref, lzcnt, sse4a, tsc, tscinvbit

Memory: 4k page, physical 7833676k(835700k free), swap 12413004k(5104k free)

vm_info: Java HotSpot(TM) 64-Bit Server VM (25.0-b70) for windows-amd64 JRE (1.8.0-b132), built on Mar  4 2014 03:46:18 by "java_re" with MS VC++ 10.0 (VS2010)

time: Thu Dec 15 21:41:24 2016
elapsed time: 55 seconds

